<?xml version="1.0" encoding="UTF-8"?>
<!-- Generated by org.testng.reporters.JUnitReportReporter -->
<testsuite skipped="0" hostname="DESKTOP-781B8QF" name="test.CheckoutTest" tests="1" failures="0" timestamp="2020-01-18T04:16:14 IST" time="51.214" errors="0">
  <testcase name="ProceedToCart" time="51.214" classname="test.CheckoutTest"/>
</testsuite> <!-- test.CheckoutTest -->
