<?xml version="1.0" encoding="UTF-8"?>
<!-- Generated by org.testng.reporters.JUnitReportReporter -->
<testsuite skipped="0" hostname="DESKTOP-781B8QF" name="mobiletest.Base" tests="1" failures="0" timestamp="2020-01-16T22:09:28 IST" time="0.001" errors="0">
  <testcase name="sampleTest" time="0.001" classname="mobiletest.Base"/>
</testsuite> <!-- mobiletest.Base -->
