<?xml version="1.0" encoding="UTF-8"?>
<!-- Generated by org.testng.reporters.JUnitReportReporter -->
<testsuite skipped="0" hostname="DESKTOP-781B8QF" name="mobiletest.AppiumMobile" tests="2" failures="0" timestamp="2020-01-18T04:16:14 IST" time="51.959" errors="0">
  <testcase name="sampleTest" time="0.014" classname="mobiletest.AppiumMobile"/>
  <testcase name="testOne" time="51.945" classname="mobiletest.AppiumMobile"/>
</testsuite> <!-- mobiletest.AppiumMobile -->
